e:\visual studio projects\dll2\callcppdllcsharp\dll2\debug\dll2.pch
e:\visual studio projects\dll2\callcppdllcsharp\dll2\debug\vc141.pdb
e:\visual studio projects\dll2\callcppdllcsharp\dll2\debug\vc141.idb
e:\visual studio projects\dll2\callcppdllcsharp\dll2\debug\stdafx.obj
e:\visual studio projects\dll2\callcppdllcsharp\dll2\debug\selftrainingdll.obj
e:\visual studio projects\dll2\callcppdllcsharp\dll2\debug\dllmain.obj
e:\visual studio projects\dll2\callcppdllcsharp\dll2\debug\dll2.obj
e:\visual studio projects\dll2\dll2\debug\dll2.pch
e:\visual studio projects\dll2\dll2\debug\vc141.pdb
e:\visual studio projects\dll2\dll2\debug\vc141.idb
e:\visual studio projects\dll2\dll2\debug\stdafx.obj
e:\visual studio projects\dll2\dll2\debug\selftrainingdll.obj
e:\visual studio projects\dll2\dll2\debug\dllmain.obj
e:\visual studio projects\dll2\dll2\debug\dll2.obj
e:\visual studio projects\dll2\debug\dll2.pdb
e:\visual studio projects\dll2\dll2\debug\dll2.tlog\cl.command.1.tlog
e:\visual studio projects\dll2\dll2\debug\dll2.tlog\cl.read.1.tlog
e:\visual studio projects\dll2\dll2\debug\dll2.tlog\cl.write.1.tlog
e:\visual studio projects\dll2\dll2\debug\dll2.tlog\link-cvtres.read.1.tlog
e:\visual studio projects\dll2\dll2\debug\dll2.tlog\link-cvtres.write.1.tlog
e:\visual studio projects\dll2\dll2\debug\dll2.tlog\link-rc.read.1.tlog
e:\visual studio projects\dll2\dll2\debug\dll2.tlog\link-rc.write.1.tlog
e:\visual studio projects\dll2\dll2\debug\dll2.tlog\link.command.1.tlog
e:\visual studio projects\dll2\dll2\debug\dll2.tlog\link.read.1.tlog
e:\visual studio projects\dll2\dll2\debug\dll2.tlog\link.write.1.tlog
